{"numTotalTestSuites":78,"numPassedTestSuites":64,"numFailedTestSuites":14,"numPendingTestSuites":0,"numTotalTests":120,"numPassedTests":109,"numFailedTests":11,"numPendingTests":0,"numTodoTests":0,"snapshot":{"added":0,"failure":false,"filesAdded":0,"filesRemoved":0,"filesRemovedList":[],"filesUnmatched":0,"filesUpdated":0,"matched":0,"total":0,"unchecked":0,"uncheckedKeysByFile":[],"unmatched":0,"updated":0,"didUpdate":false},"startTime":1771070049981,"success":false,"testResults":[{"assertionResults":[{"ancestorTitles":["alignment"],"fullName":"alignment creates missing alignment rows","status":"passed","title":"creates missing alignment rows","duration":2.7139999999999986,"failureMessages":[],"meta":{}},{"ancestorTitles":["alignment"],"fullName":"alignment updates alignment and records an event","status":"passed","title":"updates alignment and records an event","duration":0.7030829999999924,"failureMessages":[],"meta":{}},{"ancestorTitles":["alignment"],"fullName":"alignment caps positive alignment per faction per day","status":"passed","title":"caps positive alignment per faction per day","duration":0.09141700000003539,"failureMessages":[],"meta":{}}],"startTime":1771070050464,"endTime":1771070050467.0913,"status":"passed","message":"","name":"/Users/montysharma/Documents/V16MMV/mmv/src/lib/alignment.test.ts"},{"assertionResults":[{"ancestorTitles":["awardAnomalies"],"fullName":"awardAnomalies does not throw on duplicate anomaly","status":"passed","title":"does not throw on duplicate anomaly","duration":1.077791000000019,"failureMessages":[],"meta":{}}],"startTime":1771070050931,"endTime":1771070050932.078,"status":"passed","message":"","name":"/Users/montysharma/Documents/V16MMV/mmv/src/lib/anomalies.test.ts"},{"assertionResults":[{"ancestorTitles":["arcs"],"fullName":"arcs starts an arc when missing","status":"passed","title":"starts an arc when missing","duration":1.45962499999996,"failureMessages":[],"meta":{}},{"ancestorTitles":["arcs"],"fullName":"arcs advances an arc and merges choice flags","status":"failed","title":"advances an arc and merges choice flags","duration":4.280750000000012,"failureMessages":["AssertionError: expected 3 to be 2 // Object.is equality\n    at /Users/montysharma/Documents/V16MMV/mmv/src/lib/arcs.test.ts:179:35\n    at processTicksAndRejections (node:internal/process/task_queues:105:5)\n    at file:///Users/montysharma/Documents/V16MMV/mmv/node_modules/@vitest/runner/dist/index.js:533:5\n    at runTest (file:///Users/montysharma/Documents/V16MMV/mmv/node_modules/@vitest/runner/dist/index.js:1056:11)\n    at runSuite (file:///Users/montysharma/Documents/V16MMV/mmv/node_modules/@vitest/runner/dist/index.js:1205:15)\n    at runSuite (file:///Users/montysharma/Documents/V16MMV/mmv/node_modules/@vitest/runner/dist/index.js:1205:15)\n    at runFiles (file:///Users/montysharma/Documents/V16MMV/mmv/node_modules/@vitest/runner/dist/index.js:1262:5)\n    at startTests (file:///Users/montysharma/Documents/V16MMV/mmv/node_modules/@vitest/runner/dist/index.js:1271:3)\n    at file:///Users/montysharma/Documents/V16MMV/mmv/node_modules/vitest/dist/chunks/runBaseTests.3qpJUEJM.js:126:11\n    at withEnv (file:///Users/montysharma/Documents/V16MMV/mmv/node_modules/vitest/dist/chunks/runBaseTests.3qpJUEJM.js:90:5)"],"meta":{}},{"ancestorTitles":["arcs"],"fullName":"arcs blocks arc choice when costs are not affordable","status":"failed","title":"blocks arc choice when costs are not affordable","duration":5.902749999999969,"failureMessages":["AssertionError: expected [Function] to throw error including 'INSUFFICIENT_RESOURCES:cashOnHand' but got 'Arc is not active.'\n    at _Assertion.<anonymous> (file:///Users/montysharma/Documents/V16MMV/mmv/node_modules/@vitest/expect/dist/index.js:1509:21)\n    at _Assertion.<anonymous> (file:///Users/montysharma/Documents/V16MMV/mmv/node_modules/@vitest/expect/dist/index.js:972:17)\n    at _Assertion.methodWrapper (file:///Users/montysharma/Documents/V16MMV/mmv/node_modules/chai/index.js:1686:25)\n    at file:///Users/montysharma/Documents/V16MMV/mmv/node_modules/@vitest/expect/dist/index.js:1849:31\n    at processTicksAndRejections (node:internal/process/task_queues:105:5)\n    at /Users/montysharma/Documents/V16MMV/mmv/src/lib/arcs.test.ts:247:5\n    at file:///Users/montysharma/Documents/V16MMV/mmv/node_modules/@vitest/runner/dist/index.js:533:5\n    at runTest (file:///Users/montysharma/Documents/V16MMV/mmv/node_modules/@vitest/runner/dist/index.js:1056:11)\n    at runSuite (file:///Users/montysharma/Documents/V16MMV/mmv/node_modules/@vitest/runner/dist/index.js:1205:15)\n    at runSuite (file:///Users/montysharma/Documents/V16MMV/mmv/node_modules/@vitest/runner/dist/index.js:1205:15)"],"meta":{}}],"startTime":1771070050489,"endTime":1771070050499.9028,"status":"failed","message":"","name":"/Users/montysharma/Documents/V16MMV/mmv/src/lib/arcs.test.ts"},{"assertionResults":[{"ancestorTitles":["cohorts"],"fullName":"cohorts returns existing cohort membership","status":"passed","title":"returns existing cohort membership","duration":0.6773330000000328,"failureMessages":[],"meta":{}},{"ancestorTitles":["cohorts"],"fullName":"cohorts creates new cohort membership when missing","status":"failed","title":"creates new cohort membership when missing","duration":2.286875000000009,"failureMessages":["TypeError: Cannot read properties of undefined (reading 'getSession')\n    at Module.ensureUserInCohort (/Users/montysharma/Documents/V16MMV/mmv/src/lib/cohorts.ts:43:53)\n    at /Users/montysharma/Documents/V16MMV/mmv/src/lib/cohorts.test.ts:73:26\n    at file:///Users/montysharma/Documents/V16MMV/mmv/node_modules/@vitest/runner/dist/index.js:146:14\n    at file:///Users/montysharma/Documents/V16MMV/mmv/node_modules/@vitest/runner/dist/index.js:533:11\n    at runWithTimeout (file:///Users/montysharma/Documents/V16MMV/mmv/node_modules/@vitest/runner/dist/index.js:39:7)\n    at runTest (file:///Users/montysharma/Documents/V16MMV/mmv/node_modules/@vitest/runner/dist/index.js:1056:17)\n    at processTicksAndRejections (node:internal/process/task_queues:105:5)\n    at runSuite (file:///Users/montysharma/Documents/V16MMV/mmv/node_modules/@vitest/runner/dist/index.js:1205:15)\n    at runSuite (file:///Users/montysharma/Documents/V16MMV/mmv/node_modules/@vitest/runner/dist/index.js:1205:15)\n    at runFiles (file:///Users/montysharma/Documents/V16MMV/mmv/node_modules/@vitest/runner/dist/index.js:1262:5)"],"meta":{}}],"startTime":1771070050469,"endTime":1771070050472.2869,"status":"failed","message":"","name":"/Users/montysharma/Documents/V16MMV/mmv/src/lib/cohorts.test.ts"},{"assertionResults":[{"ancestorTitles":["finalizeDay"],"fullName":"finalizeDay writes resolved values once","status":"passed","title":"writes resolved values once","duration":1.5086660000000052,"failureMessages":[],"meta":{}},{"ancestorTitles":["finalizeDay"],"fullName":"finalizeDay is idempotent when already resolved","status":"passed","title":"is idempotent when already resolved","duration":0.13749999999998863,"failureMessages":[],"meta":{}},{"ancestorTitles":["finalizeDay"],"fullName":"finalizeDay uses next baseline when creating tomorrow","status":"passed","title":"uses next baseline when creating tomorrow","duration":0.25516700000002857,"failureMessages":[],"meta":{}},{"ancestorTitles":["finalizeDay"],"fullName":"finalizeDay does not award skill points before day 2","status":"passed","title":"does not award skill points before day 2","duration":0.10137500000001864,"failureMessages":[],"meta":{}},{"ancestorTitles":["finalizeDay"],"fullName":"finalizeDay awards skill points after day 2 when conditions met","status":"passed","title":"awards skill points after day 2 when conditions met","duration":0.11862500000000864,"failureMessages":[],"meta":{}},{"ancestorTitles":["finalizeDay"],"fullName":"finalizeDay does not award points when stress is high and posture is not driven","status":"passed","title":"does not award points when stress is high and posture is not driven","duration":0.16683399999999438,"failureMessages":[],"meta":{}}],"startTime":1771070050488,"endTime":1771070050490.2551,"status":"passed","message":"","name":"/Users/montysharma/Documents/V16MMV/mmv/src/lib/dayState.finalize.test.ts"},{"assertionResults":[{"ancestorTitles":["dayState"],"fullName":"dayState returns existing day state without overwriting","status":"passed","title":"returns existing day state without overwriting","duration":1.210916999999995,"failureMessages":[],"meta":{}},{"ancestorTitles":["dayState"],"fullName":"dayState creates a day state from the previous day","status":"passed","title":"creates a day state from the previous day","duration":0.7985419999999976,"failureMessages":[],"meta":{}}],"startTime":1771070050487,"endTime":1771070050488.7986,"status":"passed","message":"","name":"/Users/montysharma/Documents/V16MMV/mmv/src/lib/dayState.test.ts"},{"assertionResults":[{"ancestorTitles":["directives"],"fullName":"directives creates one directive per cohort per week","status":"passed","title":"creates one directive per cohort per week","duration":2.3380829999999833,"failureMessages":[],"meta":{}},{"ancestorTitles":["directives"],"fullName":"directives fetches active directive for cohort","status":"passed","title":"fetches active directive for cohort","duration":0.16933400000004895,"failureMessages":[],"meta":{}},{"ancestorTitles":["directives"],"fullName":"directives selects target key from unlocked initiatives when available","status":"passed","title":"selects target key from unlocked initiatives when available","duration":0.09087499999998272,"failureMessages":[],"meta":{}},{"ancestorTitles":["directives"],"fullName":"directives biases directive faction toward world leader deterministically","status":"passed","title":"biases directive faction toward world leader deterministically","duration":0.10325000000000273,"failureMessages":[],"meta":{}}],"startTime":1771070050464,"endTime":1771070050466.3381,"status":"passed","message":"","name":"/Users/montysharma/Documents/V16MMV/mmv/src/lib/directives.test.ts"},{"assertionResults":[{"ancestorTitles":["linkAnomaly"],"fullName":"linkAnomaly returns false when the link already exists","status":"passed","title":"returns false when the link already exists","duration":0.8271249999999952,"failureMessages":[],"meta":{}}],"startTime":1771070050949,"endTime":1771070050949.8271,"status":"passed","message":"","name":"/Users/montysharma/Documents/V16MMV/mmv/src/lib/hypotheses.test.ts"},{"assertionResults":[{"ancestorTitles":["initiatives"],"fullName":"initiatives enforces one contribution per day","status":"passed","title":"enforces one contribution per day","duration":1.0772499999999923,"failureMessages":[],"meta":{}}],"startTime":1771070050958,"endTime":1771070050959.0771,"status":"passed","message":"","name":"/Users/montysharma/Documents/V16MMV/mmv/src/lib/initiatives.test.ts"},{"assertionResults":[{"ancestorTitles":["saveTimeAllocation"],"fullName":"saveTimeAllocation applies allocation effects on first submit","status":"failed","title":"applies allocation effects on first submit","duration":5.8072500000000105,"failureMessages":["TypeError: __vite_ssr_import_0__.supabase.from(...).select is not a function\n    at fetchDailyState (/Users/montysharma/Documents/V16MMV/mmv/src/lib/play.ts:69:6)\n    at Module.saveTimeAllocation (/Users/montysharma/Documents/V16MMV/mmv/src/lib/play.ts:240:25)\n    at processTicksAndRejections (node:internal/process/task_queues:105:5)\n    at /Users/montysharma/Documents/V16MMV/mmv/src/lib/play.allocation.test.ts:81:5\n    at file:///Users/montysharma/Documents/V16MMV/mmv/node_modules/@vitest/runner/dist/index.js:533:5\n    at runTest (file:///Users/montysharma/Documents/V16MMV/mmv/node_modules/@vitest/runner/dist/index.js:1056:11)\n    at runSuite (file:///Users/montysharma/Documents/V16MMV/mmv/node_modules/@vitest/runner/dist/index.js:1205:15)\n    at runSuite (file:///Users/montysharma/Documents/V16MMV/mmv/node_modules/@vitest/runner/dist/index.js:1205:15)\n    at runFiles (file:///Users/montysharma/Documents/V16MMV/mmv/node_modules/@vitest/runner/dist/index.js:1262:5)\n    at startTests (file:///Users/montysharma/Documents/V16MMV/mmv/node_modules/@vitest/runner/dist/index.js:1271:3)"],"meta":{}},{"ancestorTitles":["saveTimeAllocation"],"fullName":"saveTimeAllocation is idempotent for the same allocation","status":"passed","title":"is idempotent for the same allocation","duration":0.8207090000000221,"failureMessages":[],"meta":{}},{"ancestorTitles":["saveTimeAllocation"],"fullName":"saveTimeAllocation recomputes from pre-allocation baseline when allocation changes","status":"passed","title":"recomputes from pre-allocation baseline when allocation changes","duration":0.6615419999999972,"failureMessages":[],"meta":{}}],"startTime":1771070050538,"endTime":1771070050545.6616,"status":"failed","message":"","name":"/Users/montysharma/Documents/V16MMV/mmv/src/lib/play.allocation.test.ts"},{"assertionResults":[{"ancestorTitles":["applyOutcomeForChoice checks"],"fullName":"applyOutcomeForChoice checks selects the success branch when the check passes","status":"failed","title":"selects the success branch when the check passes","duration":12.281958000000003,"failureMessages":["TypeError: __vite_ssr_import_0__.supabase.from(...).select is not a function\n    at fetchDayState (/Users/montysharma/Documents/V16MMV/mmv/src/lib/dayState.ts:36:6)\n    at Module.ensureDayStateUpToDate (/Users/montysharma/Documents/V16MMV/mmv/src/lib/dayState.ts:145:26)\n    at Module.applyOutcomeForChoice (/Users/montysharma/Documents/V16MMV/mmv/src/lib/play.ts:530:28)\n    at processTicksAndRejections (node:internal/process/task_queues:105:5)\n    at /Users/montysharma/Documents/V16MMV/mmv/src/lib/play.check.test.ts:60:20\n    at file:///Users/montysharma/Documents/V16MMV/mmv/node_modules/@vitest/runner/dist/index.js:533:5\n    at runTest (file:///Users/montysharma/Documents/V16MMV/mmv/node_modules/@vitest/runner/dist/index.js:1056:11)\n    at runSuite (file:///Users/montysharma/Documents/V16MMV/mmv/node_modules/@vitest/runner/dist/index.js:1205:15)\n    at runSuite (file:///Users/montysharma/Documents/V16MMV/mmv/node_modules/@vitest/runner/dist/index.js:1205:15)\n    at runFiles (file:///Users/montysharma/Documents/V16MMV/mmv/node_modules/@vitest/runner/dist/index.js:1262:5)"],"meta":{}}],"startTime":1771070050726,"endTime":1771070050738.282,"status":"failed","message":"","name":"/Users/montysharma/Documents/V16MMV/mmv/src/lib/play.check.test.ts"},{"assertionResults":[{"ancestorTitles":["createStoryletRun"],"fullName":"createStoryletRun is idempotent on double submit","status":"passed","title":"is idempotent on double submit","duration":64.22308399999997,"failureMessages":[],"meta":{}}],"startTime":1771070050702,"endTime":1771070050766.2231,"status":"passed","message":"","name":"/Users/montysharma/Documents/V16MMV/mmv/src/lib/play.test.ts"},{"assertionResults":[{"ancestorTitles":["validateReportPayload"],"fullName":"validateReportPayload accepts a valid payload","status":"passed","title":"accepts a valid payload","duration":0.5436249999999916,"failureMessages":[],"meta":{}},{"ancestorTitles":["validateReportPayload"],"fullName":"validateReportPayload rejects invalid reason","status":"passed","title":"rejects invalid reason","duration":0.149249999999995,"failureMessages":[],"meta":{}}],"startTime":1771070050969,"endTime":1771070050970.1492,"status":"passed","message":"","name":"/Users/montysharma/Documents/V16MMV/mmv/src/lib/reports.test.ts"},{"assertionResults":[{"ancestorTitles":["unlocks"],"fullName":"unlocks only returns keys present in content catalogs","status":"passed","title":"only returns keys present in content catalogs","duration":1.4925000000000068,"failureMessages":[],"meta":{}}],"startTime":1771070050865,"endTime":1771070050866.4924,"status":"passed","message":"","name":"/Users/montysharma/Documents/V16MMV/mmv/src/lib/unlocks.test.ts"},{"assertionResults":[{"ancestorTitles":["worldState"],"fullName":"worldState computes week window","status":"passed","title":"computes week window","duration":0.843832999999961,"failureMessages":[],"meta":{}},{"ancestorTitles":["worldState"],"fullName":"worldState returns existing world influence without insert","status":"passed","title":"returns existing world influence without insert","duration":0.35041700000004994,"failureMessages":[],"meta":{}},{"ancestorTitles":["worldState"],"fullName":"worldState aggregates cohort influence from members only","status":"passed","title":"aggregates cohort influence from members only","duration":0.25079200000004676,"failureMessages":[],"meta":{}}],"startTime":1771070050464,"endTime":1771070050465.3503,"status":"passed","message":"","name":"/Users/montysharma/Documents/V16MMV/mmv/src/lib/worldState.test.ts"},{"assertionResults":[{"ancestorTitles":["arcEngine"],"fullName":"arcEngine returns the next arc storylet when eligible","status":"passed","title":"returns the next arc storylet when eligible","duration":0.7732500000000186,"failureMessages":[],"meta":{}},{"ancestorTitles":["arcEngine"],"fullName":"arcEngine does not return an arc step if already advanced today","status":"passed","title":"does not return an arc step if already advanced today","duration":0.17341699999997218,"failureMessages":[],"meta":{}}],"startTime":1771070050883,"endTime":1771070050884.1733,"status":"passed","message":"","name":"/Users/montysharma/Documents/V16MMV/mmv/src/core/arcs/arcEngine.test.ts"},{"assertionResults":[{"ancestorTitles":["pctInRollout"],"fullName":"pctInRollout respects 0 and 100 bounds","status":"passed","title":"respects 0 and 100 bounds","duration":0.5284159999999929,"failureMessages":[],"meta":{}},{"ancestorTitles":["pctInRollout"],"fullName":"pctInRollout is deterministic for the same inputs","status":"passed","title":"is deterministic for the same inputs","duration":0.13466599999998152,"failureMessages":[],"meta":{}}],"startTime":1771070051127,"endTime":1771070051127.5283,"status":"passed","message":"","name":"/Users/montysharma/Documents/V16MMV/mmv/src/core/eligibility/rollout.test.ts"},{"assertionResults":[{"ancestorTitles":["applyOutcomeToDailyState"],"fullName":"applyOutcomeToDailyState applies deltas and clamps values","status":"passed","title":"applies deltas and clamps values","duration":2.475250000000017,"failureMessages":[],"meta":{}},{"ancestorTitles":["applyOutcomeToDailyState"],"fullName":"applyOutcomeToDailyState handles missing outcome safely","status":"passed","title":"handles missing outcome safely","duration":0.2742080000000158,"failureMessages":[],"meta":{}}],"startTime":1771070050726,"endTime":1771070050729.2742,"status":"passed","message":"","name":"/Users/montysharma/Documents/V16MMV/mmv/src/core/engine/applyOutcome.test.ts"},{"assertionResults":[{"ancestorTitles":["getOrCreateDailyRun"],"fullName":"getOrCreateDailyRun returns setup when daily setup is required","status":"passed","title":"returns setup when daily setup is required","duration":1.866375000000005,"failureMessages":[],"meta":{}},{"ancestorTitles":["getOrCreateDailyRun"],"fullName":"getOrCreateDailyRun returns setup when a tension is unresolved","status":"passed","title":"returns setup when a tension is unresolved","duration":0.5907079999999496,"failureMessages":[],"meta":{}},{"ancestorTitles":["getOrCreateDailyRun"],"fullName":"getOrCreateDailyRun returns allocation when tensions are resolved","status":"passed","title":"returns allocation when tensions are resolved","duration":0.2625419999999963,"failureMessages":[],"meta":{}},{"ancestorTitles":["getOrCreateDailyRun"],"fullName":"getOrCreateDailyRun returns setup when skill points are available","status":"failed","title":"returns setup when skill points are available","duration":55.593665999999985,"failureMessages":["AssertionError: expected 'storylet_1' to be 'setup' // Object.is equality\n    at /Users/montysharma/Documents/V16MMV/mmv/src/core/engine/dailyLoop.orchestration.test.ts:454:23\n    at processTicksAndRejections (node:internal/process/task_queues:105:5)\n    at file:///Users/montysharma/Documents/V16MMV/mmv/node_modules/@vitest/runner/dist/index.js:533:5\n    at runTest (file:///Users/montysharma/Documents/V16MMV/mmv/node_modules/@vitest/runner/dist/index.js:1056:11)\n    at runSuite (file:///Users/montysharma/Documents/V16MMV/mmv/node_modules/@vitest/runner/dist/index.js:1205:15)\n    at runSuite (file:///Users/montysharma/Documents/V16MMV/mmv/node_modules/@vitest/runner/dist/index.js:1205:15)\n    at runFiles (file:///Users/montysharma/Documents/V16MMV/mmv/node_modules/@vitest/runner/dist/index.js:1262:5)\n    at startTests (file:///Users/montysharma/Documents/V16MMV/mmv/node_modules/@vitest/runner/dist/index.js:1271:3)\n    at file:///Users/montysharma/Documents/V16MMV/mmv/node_modules/vitest/dist/chunks/runBaseTests.3qpJUEJM.js:126:11\n    at withEnv (file:///Users/montysharma/Documents/V16MMV/mmv/node_modules/vitest/dist/chunks/runBaseTests.3qpJUEJM.js:90:5)"],"meta":{}},{"ancestorTitles":["getOrCreateDailyRun"],"fullName":"getOrCreateDailyRun returns allocation when skill points are drained","status":"passed","title":"returns allocation when skill points are drained","duration":3.846917000000076,"failureMessages":[],"meta":{}},{"ancestorTitles":["getOrCreateDailyRun"],"fullName":"getOrCreateDailyRun returns setup when posture is missing","status":"passed","title":"returns setup when posture is missing","duration":0.3919590000000426,"failureMessages":[],"meta":{}},{"ancestorTitles":["getOrCreateDailyRun"],"fullName":"getOrCreateDailyRun returns allocation stage when no allocation saved","status":"passed","title":"returns allocation stage when no allocation saved","duration":0.3628750000000309,"failureMessages":[],"meta":{}},{"ancestorTitles":["getOrCreateDailyRun"],"fullName":"getOrCreateDailyRun returns storylet_1 when allocation exists and no runs","status":"passed","title":"returns storylet_1 when allocation exists and no runs","duration":4.9581249999999955,"failureMessages":[],"meta":{}},{"ancestorTitles":["getOrCreateDailyRun"],"fullName":"getOrCreateDailyRun returns storylet_2 when one run exists","status":"passed","title":"returns storylet_2 when one run exists","duration":5.992208000000005,"failureMessages":[],"meta":{}},{"ancestorTitles":["getOrCreateDailyRun"],"fullName":"getOrCreateDailyRun returns microtask when eligible and not done","status":"passed","title":"returns microtask when eligible and not done","duration":1.4374169999999822,"failureMessages":[],"meta":{}},{"ancestorTitles":["getOrCreateDailyRun"],"fullName":"getOrCreateDailyRun returns social when microtask done and boost available","status":"passed","title":"returns social when microtask done and boost available","duration":0.2747910000000502,"failureMessages":[],"meta":{}},{"ancestorTitles":["getOrCreateDailyRun"],"fullName":"getOrCreateDailyRun returns reflection when boost already sent","status":"passed","title":"returns reflection when boost already sent","duration":0.17516699999998764,"failureMessages":[],"meta":{}},{"ancestorTitles":["getOrCreateDailyRun"],"fullName":"getOrCreateDailyRun returns complete when reflection done","status":"passed","title":"returns complete when reflection done","duration":0.10070900000005167,"failureMessages":[],"meta":{}},{"ancestorTitles":["getOrCreateDailyRun"],"fullName":"getOrCreateDailyRun returns fun_pulse when eligible after reflection","status":"failed","title":"returns fun_pulse when eligible after reflection","duration":0.7317500000000337,"failureMessages":["AssertionError: expected 'complete' to be 'fun_pulse' // Object.is equality\n    at /Users/montysharma/Documents/V16MMV/mmv/src/core/engine/dailyLoop.orchestration.test.ts:573:23\n    at processTicksAndRejections (node:internal/process/task_queues:105:5)\n    at file:///Users/montysharma/Documents/V16MMV/mmv/node_modules/@vitest/runner/dist/index.js:533:5\n    at runTest (file:///Users/montysharma/Documents/V16MMV/mmv/node_modules/@vitest/runner/dist/index.js:1056:11)\n    at runSuite (file:///Users/montysharma/Documents/V16MMV/mmv/node_modules/@vitest/runner/dist/index.js:1205:15)\n    at runSuite (file:///Users/montysharma/Documents/V16MMV/mmv/node_modules/@vitest/runner/dist/index.js:1205:15)\n    at runFiles (file:///Users/montysharma/Documents/V16MMV/mmv/node_modules/@vitest/runner/dist/index.js:1262:5)\n    at startTests (file:///Users/montysharma/Documents/V16MMV/mmv/node_modules/@vitest/runner/dist/index.js:1271:3)\n    at file:///Users/montysharma/Documents/V16MMV/mmv/node_modules/vitest/dist/chunks/runBaseTests.3qpJUEJM.js:126:11\n    at withEnv (file:///Users/montysharma/Documents/V16MMV/mmv/node_modules/vitest/dist/chunks/runBaseTests.3qpJUEJM.js:90:5)"],"meta":{}}],"startTime":1771070050597,"endTime":1771070050674.7317,"status":"failed","message":"","name":"/Users/montysharma/Documents/V16MMV/mmv/src/core/engine/dailyLoop.orchestration.test.ts"},{"assertionResults":[{"ancestorTitles":["dailyLoop helpers"],"fullName":"dailyLoop helpers filters runs for the selected storylet pair","status":"passed","title":"filters runs for the selected storylet pair","duration":0.5547080000000051,"failureMessages":[],"meta":{}},{"ancestorTitles":["dailyLoop helpers"],"fullName":"dailyLoop helpers includes runs that match the storylet pair","status":"passed","title":"includes runs that match the storylet pair","duration":0.11320799999998599,"failureMessages":[],"meta":{}},{"ancestorTitles":["dailyLoop helpers"],"fullName":"dailyLoop helpers computes storylet_2 stage for one completed run","status":"passed","title":"computes storylet_2 stage for one completed run","duration":0.11004199999999287,"failureMessages":[],"meta":{}}],"startTime":1771070050733,"endTime":1771070050734.1133,"status":"passed","message":"","name":"/Users/montysharma/Documents/V16MMV/mmv/src/core/engine/dailyLoop.test.ts"},{"assertionResults":[{"ancestorTitles":["daily loop validation"],"fullName":"daily loop validation moves from setup to allocation once blockers clear","status":"passed","title":"moves from setup to allocation once blockers clear","duration":2.2181249999999864,"failureMessages":[],"meta":{}},{"ancestorTitles":["daily loop validation"],"fullName":"daily loop validation progresses through storylet flow when setup blockers absent","status":"passed","title":"progresses through storylet flow when setup blockers absent","duration":0.25349999999991724,"failureMessages":[],"meta":{}},{"ancestorTitles":["daily loop validation"],"fullName":"daily loop validation includes microtask only when eligible","status":"passed","title":"includes microtask only when eligible","duration":3.1740839999999935,"failureMessages":[],"meta":{}},{"ancestorTitles":["daily loop validation"],"fullName":"daily loop validation attaches cohort, arc, and initiatives","status":"failed","title":"attaches cohort, arc, and initiatives","duration":6.9912089999999125,"failureMessages":["AssertionError: expected undefined to be 'anomaly_001' // Object.is equality\n    at /Users/montysharma/Documents/V16MMV/mmv/src/core/engine/dailyLoop.validation.test.ts:454:30\n    at processTicksAndRejections (node:internal/process/task_queues:105:5)\n    at file:///Users/montysharma/Documents/V16MMV/mmv/node_modules/@vitest/runner/dist/index.js:533:5\n    at runTest (file:///Users/montysharma/Documents/V16MMV/mmv/node_modules/@vitest/runner/dist/index.js:1056:11)\n    at runSuite (file:///Users/montysharma/Documents/V16MMV/mmv/node_modules/@vitest/runner/dist/index.js:1205:15)\n    at runSuite (file:///Users/montysharma/Documents/V16MMV/mmv/node_modules/@vitest/runner/dist/index.js:1205:15)\n    at runFiles (file:///Users/montysharma/Documents/V16MMV/mmv/node_modules/@vitest/runner/dist/index.js:1262:5)\n    at startTests (file:///Users/montysharma/Documents/V16MMV/mmv/node_modules/@vitest/runner/dist/index.js:1271:3)\n    at file:///Users/montysharma/Documents/V16MMV/mmv/node_modules/vitest/dist/chunks/runBaseTests.3qpJUEJM.js:126:11\n    at withEnv (file:///Users/montysharma/Documents/V16MMV/mmv/node_modules/vitest/dist/chunks/runBaseTests.3qpJUEJM.js:90:5)"],"meta":{}},{"ancestorTitles":["daily loop validation"],"fullName":"daily loop validation attaches available arcs from unlocks","status":"failed","title":"attaches available arcs from unlocks","duration":0.6442909999999529,"failureMessages":["AssertionError: expected undefined to be 'anomaly_002' // Object.is equality\n    at /Users/montysharma/Documents/V16MMV/mmv/src/core/engine/dailyLoop.validation.test.ts:489:41\n    at processTicksAndRejections (node:internal/process/task_queues:105:5)\n    at file:///Users/montysharma/Documents/V16MMV/mmv/node_modules/@vitest/runner/dist/index.js:533:5\n    at runTest (file:///Users/montysharma/Documents/V16MMV/mmv/node_modules/@vitest/runner/dist/index.js:1056:11)\n    at runSuite (file:///Users/montysharma/Documents/V16MMV/mmv/node_modules/@vitest/runner/dist/index.js:1205:15)\n    at runSuite (file:///Users/montysharma/Documents/V16MMV/mmv/node_modules/@vitest/runner/dist/index.js:1205:15)\n    at runFiles (file:///Users/montysharma/Documents/V16MMV/mmv/node_modules/@vitest/runner/dist/index.js:1262:5)\n    at startTests (file:///Users/montysharma/Documents/V16MMV/mmv/node_modules/@vitest/runner/dist/index.js:1271:3)\n    at file:///Users/montysharma/Documents/V16MMV/mmv/node_modules/vitest/dist/chunks/runBaseTests.3qpJUEJM.js:126:11\n    at withEnv (file:///Users/montysharma/Documents/V16MMV/mmv/node_modules/vitest/dist/chunks/runBaseTests.3qpJUEJM.js:90:5)"],"meta":{}},{"ancestorTitles":["daily loop validation"],"fullName":"daily loop validation applies directive payoff once after completion","status":"failed","title":"applies directive payoff once after completion","duration":1.062249999999949,"failureMessages":["AssertionError: expected \"spy\" to be called with arguments: [ 'd1', 'completed' ]\n\nReceived: \n\n\n\nNumber of calls: 0\n\n    at Proxy.<anonymous> (file:///Users/montysharma/Documents/V16MMV/mmv/node_modules/@vitest/expect/dist/index.js:1465:13)\n    at Proxy.<anonymous> (file:///Users/montysharma/Documents/V16MMV/mmv/node_modules/@vitest/expect/dist/index.js:972:17)\n    at Proxy.methodWrapper (file:///Users/montysharma/Documents/V16MMV/mmv/node_modules/chai/index.js:1686:25)\n    at /Users/montysharma/Documents/V16MMV/mmv/src/core/engine/dailyLoop.validation.test.ts:528:35\n    at processTicksAndRejections (node:internal/process/task_queues:105:5)\n    at file:///Users/montysharma/Documents/V16MMV/mmv/node_modules/@vitest/runner/dist/index.js:533:5\n    at runTest (file:///Users/montysharma/Documents/V16MMV/mmv/node_modules/@vitest/runner/dist/index.js:1056:11)\n    at runSuite (file:///Users/montysharma/Documents/V16MMV/mmv/node_modules/@vitest/runner/dist/index.js:1205:15)\n    at runSuite (file:///Users/montysharma/Documents/V16MMV/mmv/node_modules/@vitest/runner/dist/index.js:1205:15)\n    at runFiles (file:///Users/montysharma/Documents/V16MMV/mmv/node_modules/@vitest/runner/dist/index.js:1262:5)"],"meta":{}}],"startTime":1771070050636,"endTime":1771070050650.0623,"status":"failed","message":"","name":"/Users/montysharma/Documents/V16MMV/mmv/src/core/engine/dailyLoop.validation.test.ts"},{"assertionResults":[{"ancestorTitles":["deterministicRoll"],"fullName":"deterministicRoll returns the same outcome for the same seed","status":"passed","title":"returns the same outcome for the same seed","duration":0.6593750000000114,"failureMessages":[],"meta":{}},{"ancestorTitles":["deterministicRoll"],"fullName":"deterministicRoll uses vector modifiers to adjust weights","status":"passed","title":"uses vector modifiers to adjust weights","duration":0.18141700000001038,"failureMessages":[],"meta":{}}],"startTime":1771070050737,"endTime":1771070050738.1814,"status":"passed","message":"","name":"/Users/montysharma/Documents/V16MMV/mmv/src/core/engine/deterministicRoll.test.ts"},{"assertionResults":[{"ancestorTitles":["experiments assignment"],"fullName":"experiments assignment hashToIndex stays within range","status":"passed","title":"hashToIndex stays within range","duration":0.7091250000000002,"failureMessages":[],"meta":{}},{"ancestorTitles":["experiments assignment"],"fullName":"experiments assignment chooseVariant is deterministic","status":"passed","title":"chooseVariant is deterministic","duration":0.19616700000000264,"failureMessages":[],"meta":{}}],"startTime":1771070050936,"endTime":1771070050937.1963,"status":"passed","message":"","name":"/Users/montysharma/Documents/V16MMV/mmv/src/core/experiments/assign.test.ts"},{"assertionResults":[{"ancestorTitles":["shouldShowFunPulse"],"fullName":"shouldShowFunPulse shows on every 3rd day after day 0","status":"passed","title":"shows on every 3rd day after day 0","duration":0.7549579999999878,"failureMessages":[],"meta":{}}],"startTime":1771070051090,"endTime":1771070051090.755,"status":"passed","message":"","name":"/Users/montysharma/Documents/V16MMV/mmv/src/core/funPulse/shouldShowFunPulse.test.ts"},{"assertionResults":[{"ancestorTitles":["getSeasonContext helpers"],"fullName":"getSeasonContext helpers computes days remaining with UTC boundaries","status":"passed","title":"computes days remaining with UTC boundaries","duration":0.6208750000000123,"failureMessages":[],"meta":{}}],"startTime":1771070051156,"endTime":1771070051156.6208,"status":"passed","message":"","name":"/Users/montysharma/Documents/V16MMV/mmv/src/core/season/getSeasonContext.test.ts"},{"assertionResults":[{"ancestorTitles":["seasonReset helpers"],"fullName":"seasonReset helpers picks the season when today is on the boundary","status":"passed","title":"picks the season when today is on the boundary","duration":0.6809170000000222,"failureMessages":[],"meta":{}},{"ancestorTitles":["seasonReset helpers"],"fullName":"seasonReset helpers builds the baseline daily reset payload","status":"passed","title":"builds the baseline daily reset payload","duration":0.7008329999999887,"failureMessages":[],"meta":{}}],"startTime":1771070050917,"endTime":1771070050918.701,"status":"passed","message":"","name":"/Users/montysharma/Documents/V16MMV/mmv/src/core/season/seasonReset.test.ts"},{"assertionResults":[{"ancestorTitles":["buildWorldDrift"],"fullName":"buildWorldDrift adds cooperative and fragmented tags for high boosts and low completion","status":"passed","title":"adds cooperative and fragmented tags for high boosts and low completion","duration":1.0543750000000216,"failureMessages":[],"meta":{}}],"startTime":1771070050964,"endTime":1771070050965.0544,"status":"passed","message":"","name":"/Users/montysharma/Documents/V16MMV/mmv/src/core/season/worldDrift.test.ts"},{"assertionResults":[{"ancestorTitles":["applyAllocationToDayState"],"fullName":"applyAllocationToDayState applies deterministic deltas with clamping","status":"passed","title":"applies deterministic deltas with clamping","duration":1.0189589999999953,"failureMessages":[],"meta":{}},{"ancestorTitles":["applyAllocationToDayState"],"fullName":"applyAllocationToDayState responds to posture differences","status":"passed","title":"responds to posture differences","duration":0.38049999999998363,"failureMessages":[],"meta":{}},{"ancestorTitles":["applyAllocationToDayState"],"fullName":"applyAllocationToDayState reduces stress and energy loss with grit","status":"passed","title":"reduces stress and energy loss with grit","duration":0.130375000000015,"failureMessages":[],"meta":{}},{"ancestorTitles":["applyAllocationToDayState"],"fullName":"applyAllocationToDayState increases social relief with networking","status":"passed","title":"increases social relief with networking","duration":0.05608300000000099,"failureMessages":[],"meta":{}}],"startTime":1771070050463,"endTime":1771070050465.0562,"status":"passed","message":"","name":"/Users/montysharma/Documents/V16MMV/mmv/src/core/sim/allocationEffects.test.ts"},{"assertionResults":[{"ancestorTitles":["resolveCheck"],"fullName":"resolveCheck clamps chance within bounds","status":"passed","title":"clamps chance within bounds","duration":0.6719169999999792,"failureMessages":[],"meta":{}},{"ancestorTitles":["resolveCheck"],"fullName":"resolveCheck is deterministic for the same seed","status":"passed","title":"is deterministic for the same seed","duration":0.2341250000000059,"failureMessages":[],"meta":{}}],"startTime":1771070050724,"endTime":1771070050725.2341,"status":"passed","message":"","name":"/Users/montysharma/Documents/V16MMV/mmv/src/core/sim/checkResolver.test.ts"},{"assertionResults":[{"ancestorTitles":["resolveEndOfDay"],"fullName":"resolveEndOfDay computes end and next day baselines","status":"passed","title":"computes end and next day baselines","duration":0.742291999999992,"failureMessages":[],"meta":{}},{"ancestorTitles":["resolveEndOfDay"],"fullName":"resolveEndOfDay clamps extremes","status":"passed","title":"clamps extremes","duration":0.2951669999999922,"failureMessages":[],"meta":{}}],"startTime":1771070050927,"endTime":1771070050928.2952,"status":"passed","message":"","name":"/Users/montysharma/Documents/V16MMV/mmv/src/core/sim/endOfDay.test.ts"},{"assertionResults":[{"ancestorTitles":["skillProgression"],"fullName":"skillProgression computes a rising cost curve","status":"passed","title":"computes a rising cost curve","duration":0.9099999999999966,"failureMessages":[],"meta":{}},{"ancestorTitles":["skillProgression"],"fullName":"skillProgression checks available points for next level","status":"passed","title":"checks available points for next level","duration":0.13766599999999585,"failureMessages":[],"meta":{}}],"startTime":1771070050992,"endTime":1771070050993.1377,"status":"passed","message":"","name":"/Users/montysharma/Documents/V16MMV/mmv/src/core/sim/skillProgression.test.ts"},{"assertionResults":[{"ancestorTitles":["applyTensionPenalties"],"fullName":"applyTensionPenalties applies fatigue penalty to energy","status":"passed","title":"applies fatigue penalty to energy","duration":0.6493330000000128,"failureMessages":[],"meta":{}},{"ancestorTitles":["applyTensionPenalties"],"fullName":"applyTensionPenalties applies unfinished assignment penalty to stress","status":"passed","title":"applies unfinished assignment penalty to stress","duration":0.16704199999998082,"failureMessages":[],"meta":{}},{"ancestorTitles":["applyTensionPenalties"],"fullName":"applyTensionPenalties clamps results","status":"passed","title":"clamps results","duration":0.07433299999996734,"failureMessages":[],"meta":{}}],"startTime":1771070050824,"endTime":1771070050824.6494,"status":"passed","message":"","name":"/Users/montysharma/Documents/V16MMV/mmv/src/core/sim/tensionPenalties.test.ts"},{"assertionResults":[{"ancestorTitles":["selectStorylets"],"fullName":"selectStorylets is deterministic for the same inputs","status":"passed","title":"is deterministic for the same inputs","duration":0.9503330000000005,"failureMessages":[],"meta":{}},{"ancestorTitles":["selectStorylets"],"fullName":"selectStorylets returns exactly two when enough storylets exist","status":"passed","title":"returns exactly two when enough storylets exist","duration":0.49466699999999264,"failureMessages":[],"meta":{}},{"ancestorTitles":["selectStorylets"],"fullName":"selectStorylets skips inactive storylets when active options exist","status":"passed","title":"skips inactive storylets when active options exist","duration":0.19220799999999372,"failureMessages":[],"meta":{}},{"ancestorTitles":["selectStorylets"],"fullName":"selectStorylets avoids reusing storylets already used today","status":"passed","title":"avoids reusing storylets already used today","duration":0.103999999999985,"failureMessages":[],"meta":{}},{"ancestorTitles":["selectStorylets"],"fullName":"selectStorylets prefers onboarding storylets early in the run","status":"passed","title":"prefers onboarding storylets early in the run","duration":0.09924999999998363,"failureMessages":[],"meta":{}},{"ancestorTitles":["selectStorylets"],"fullName":"selectStorylets includes a forced storylet as the first pick when eligible","status":"passed","title":"includes a forced storylet as the first pick when eligible","duration":0.11995899999999438,"failureMessages":[],"meta":{}},{"ancestorTitles":["selectStorylets"],"fullName":"selectStorylets respects season allowlist when possible","status":"passed","title":"respects season allowlist when possible","duration":0.13349999999996953,"failureMessages":[],"meta":{}},{"ancestorTitles":["selectStorylets"],"fullName":"selectStorylets falls back when season gating reduces the pool","status":"passed","title":"falls back when season gating reduces the pool","duration":0.4213330000000042,"failureMessages":[],"meta":{}},{"ancestorTitles":["selectStorylets"],"fullName":"selectStorylets respects rollout audience gating","status":"passed","title":"respects rollout audience gating","duration":0.31841700000001083,"failureMessages":[],"meta":{}},{"ancestorTitles":["selectStorylets"],"fullName":"selectStorylets allows admin audience override","status":"passed","title":"allows admin audience override","duration":0.08362499999998363,"failureMessages":[],"meta":{}},{"ancestorTitles":["selectStorylets"],"fullName":"selectStorylets respects experiment audience gating","status":"passed","title":"respects experiment audience gating","duration":0.10087500000003047,"failureMessages":[],"meta":{}},{"ancestorTitles":["selectStorylets"],"fullName":"selectStorylets scores social tags higher for connect posture","status":"passed","title":"scores social tags higher for connect posture","duration":0.09329199999996263,"failureMessages":[],"meta":{}},{"ancestorTitles":["selectStorylets"],"fullName":"selectStorylets scores study tags higher for unfinished assignment tension","status":"passed","title":"scores study tags higher for unfinished assignment tension","duration":0.05470900000000256,"failureMessages":[],"meta":{}}],"startTime":1771070050479,"endTime":1771070050482.1008,"status":"passed","message":"","name":"/Users/montysharma/Documents/V16MMV/mmv/src/core/storylets/selectStorylets.test.ts"},{"assertionResults":[{"ancestorTitles":["weekKey"],"fullName":"weekKey computes ISO week for year start","status":"passed","title":"computes ISO week for year start","duration":2.3165830000000085,"failureMessages":[],"meta":{}},{"ancestorTitles":["weekKey"],"fullName":"weekKey handles year boundary weeks","status":"passed","title":"handles year boundary weeks","duration":0.1701670000000206,"failureMessages":[],"meta":{}}],"startTime":1771070051129,"endTime":1771070051132.1702,"status":"passed","message":"","name":"/Users/montysharma/Documents/V16MMV/mmv/src/core/time/weekKey.test.ts"},{"assertionResults":[{"ancestorTitles":["summarizeVectors"],"fullName":"summarizeVectors returns a default summary when empty","status":"passed","title":"returns a default summary when empty","duration":0.5510409999999979,"failureMessages":[],"meta":{}},{"ancestorTitles":["summarizeVectors"],"fullName":"summarizeVectors summarizes the dominant vector","status":"failed","title":"summarizes the dominant vector","duration":2.9237090000000023,"failureMessages":["AssertionError: expected 'You lean toward focus.' to be 'You lean toward calm.' // Object.is equality\n    at /Users/montysharma/Documents/V16MMV/mmv/src/core/ui/vectorSummary.test.ts:13:17\n    at file:///Users/montysharma/Documents/V16MMV/mmv/node_modules/@vitest/runner/dist/index.js:146:14\n    at file:///Users/montysharma/Documents/V16MMV/mmv/node_modules/@vitest/runner/dist/index.js:533:11\n    at runWithTimeout (file:///Users/montysharma/Documents/V16MMV/mmv/node_modules/@vitest/runner/dist/index.js:39:7)\n    at runTest (file:///Users/montysharma/Documents/V16MMV/mmv/node_modules/@vitest/runner/dist/index.js:1056:17)\n    at processTicksAndRejections (node:internal/process/task_queues:105:5)\n    at runSuite (file:///Users/montysharma/Documents/V16MMV/mmv/node_modules/@vitest/runner/dist/index.js:1205:15)\n    at runSuite (file:///Users/montysharma/Documents/V16MMV/mmv/node_modules/@vitest/runner/dist/index.js:1205:15)\n    at runFiles (file:///Users/montysharma/Documents/V16MMV/mmv/node_modules/@vitest/runner/dist/index.js:1262:5)\n    at startTests (file:///Users/montysharma/Documents/V16MMV/mmv/node_modules/@vitest/runner/dist/index.js:1271:3)"],"meta":{}},{"ancestorTitles":["summarizeVectors"],"fullName":"summarizeVectors summarizes change when deltas exist","status":"passed","title":"summarizes change when deltas exist","duration":0.10720900000001166,"failureMessages":[],"meta":{}}],"startTime":1771070050949,"endTime":1771070050953.1072,"status":"failed","message":"","name":"/Users/montysharma/Documents/V16MMV/mmv/src/core/ui/vectorSummary.test.ts"},{"assertionResults":[{"ancestorTitles":["storyletValidation"],"fullName":"storyletValidation validates a well-formed storylet","status":"passed","title":"validates a well-formed storylet","duration":0.7666250000000332,"failureMessages":[],"meta":{}},{"ancestorTitles":["storyletValidation"],"fullName":"storyletValidation rejects invalid choices","status":"passed","title":"rejects invalid choices","duration":0.18337500000001228,"failureMessages":[],"meta":{}},{"ancestorTitles":["storyletValidation"],"fullName":"storyletValidation coerces missing choices to an empty array","status":"passed","title":"coerces missing choices to an empty array","duration":0.16816700000003948,"failureMessages":[],"meta":{}},{"ancestorTitles":["storyletValidation"],"fullName":"storyletValidation returns a fallback storylet","status":"passed","title":"returns a fallback storylet","duration":0.10158300000000509,"failureMessages":[],"meta":{}},{"ancestorTitles":["storyletValidation"],"fullName":"storyletValidation accepts probabilistic outcomes with weights","status":"passed","title":"accepts probabilistic outcomes with weights","duration":0.11241699999999355,"failureMessages":[],"meta":{}},{"ancestorTitles":["storyletValidation"],"fullName":"storyletValidation accepts checks on choices","status":"passed","title":"accepts checks on choices","duration":0.08429200000000492,"failureMessages":[],"meta":{}},{"ancestorTitles":["storyletValidation"],"fullName":"storyletValidation rejects invalid probabilistic outcomes","status":"passed","title":"rejects invalid probabilistic outcomes","duration":0.10391700000002402,"failureMessages":[],"meta":{}},{"ancestorTitles":["storyletValidation"],"fullName":"storyletValidation rejects duplicate choice ids","status":"passed","title":"rejects duplicate choice ids","duration":0.051999999999964075,"failureMessages":[],"meta":{}},{"ancestorTitles":["storyletValidation"],"fullName":"storyletValidation rejects duplicate outcome ids","status":"passed","title":"rejects duplicate outcome ids","duration":0.13595900000001393,"failureMessages":[],"meta":{}},{"ancestorTitles":["storyletValidation"],"fullName":"storyletValidation rejects invalid season requirements","status":"passed","title":"rejects invalid season requirements","duration":0.1436249999999859,"failureMessages":[],"meta":{}},{"ancestorTitles":["storyletValidation"],"fullName":"storyletValidation rejects non-numeric season allowlist","status":"passed","title":"rejects non-numeric season allowlist","duration":0.10158300000000509,"failureMessages":[],"meta":{}},{"ancestorTitles":["storyletValidation"],"fullName":"storyletValidation warns on unknown requirement keys","status":"passed","title":"warns on unknown requirement keys","duration":0.056708000000014636,"failureMessages":[],"meta":{}},{"ancestorTitles":["storyletValidation"],"fullName":"storyletValidation rejects invalid audience rollout percent","status":"passed","title":"rejects invalid audience rollout percent","duration":0.041249999999990905,"failureMessages":[],"meta":{}},{"ancestorTitles":["storyletValidation"],"fullName":"storyletValidation rejects invalid audience experiment variants","status":"passed","title":"rejects invalid audience experiment variants","duration":0.045541000000014265,"failureMessages":[],"meta":{}}],"startTime":1771070050470,"endTime":1771070050473.0566,"status":"passed","message":"","name":"/Users/montysharma/Documents/V16MMV/mmv/src/core/validation/storyletValidation.test.ts"},{"assertionResults":[{"ancestorTitles":["allocationToVectorDeltas"],"fullName":"allocationToVectorDeltas nudges based on dominant allocations","status":"passed","title":"nudges based on dominant allocations","duration":0.9215829999999983,"failureMessages":[],"meta":{}}],"startTime":1771070051088,"endTime":1771070051088.9216,"status":"passed","message":"","name":"/Users/montysharma/Documents/V16MMV/mmv/src/core/vectors/allocationToVectorDeltas.test.ts"},{"assertionResults":[{"ancestorTitles":["flagToVectorDeltas"],"fullName":"flagToVectorDeltas maps flags to vector deltas","status":"passed","title":"maps flags to vector deltas","duration":1.4007079999999803,"failureMessages":[],"meta":{}}],"startTime":1771070051102,"endTime":1771070051103.4006,"status":"passed","message":"","name":"/Users/montysharma/Documents/V16MMV/mmv/src/core/vectors/flagToVectorDeltas.test.ts"},{"assertionResults":[{"ancestorTitles":["content loaders"],"fullName":"content loaders fetches arc with ordered steps","status":"passed","title":"fetches arc with ordered steps","duration":1.0346250000000055,"failureMessages":[],"meta":{}}],"startTime":1771070050727,"endTime":1771070050728.0347,"status":"passed","message":"","name":"/Users/montysharma/Documents/V16MMV/mmv/src/lib/content/contentLoaders.test.ts"}]}
